
Sun, 05 Aug 2012 18:17:45 -0600
<?xml version="1.0" encoding="UTF-8"?>
<checkout-shopping-cart xmlns="http://checkout.google.com/schema/2"><shopping-cart><items><item><item-name>Starter Package</item-name><item-description>Starter Package order for   #1000</item-description><quantity>1</quantity><unit-price currency="USD">900</unit-price><digital-content><display-disposition>OPTIMISTIC</display-disposition><description>Thank you for your order. We will contact your shortly via the phone or e-mail you provided. Your card will not be charged until we confirm your order!</description></digital-content></item></items></shopping-cart><checkout-flow-support><merchant-checkout-flow-support/></checkout-flow-support></checkout-shopping-cart>


Sun, 05 Aug 2012 18:17:50 -0600
<?xml version="1.0" encoding="UTF-8"?>
<checkout-redirect xmlns="http://checkout.google.com/schema/2" serial-number="80b1d62c-bc92-4d9a-ad5f-3582a7e9d843">
  <redirect-url>https://checkout.google.com/view/buy?o=shoppingcart&amp;shoppingcart=531855664854263</redirect-url>
</checkout-redirect>



Thu, 16 Aug 2012 00:07:43 -0600
<?xml version="1.0" encoding="UTF-8"?>
<checkout-shopping-cart xmlns="http://checkout.google.com/schema/2"><shopping-cart><items><item><item-name>Marketing &amp;amp; SEO</item-name><item-description>Marketing &amp;amp; SEO order for delete this #1</item-description><quantity>1</quantity><unit-price currency="USD">0</unit-price><digital-content><display-disposition>OPTIMISTIC</display-disposition><description>Thank you for your order. We will contact your shortly via the phone or e-mail you provided. Your card will not be charged until we confirm your order!</description></digital-content></item></items></shopping-cart><checkout-flow-support><merchant-checkout-flow-support/></checkout-flow-support></checkout-shopping-cart>


Thu, 16 Aug 2012 00:07:45 -0600
<?xml version="1.0" encoding="UTF-8"?>
<checkout-redirect xmlns="http://checkout.google.com/schema/2" serial-number="652f7126-a6ae-45c4-afb4-c2383b81a89a">
  <redirect-url>https://checkout.google.com/view/buy?o=shoppingcart&amp;shoppingcart=455218326993536</redirect-url>
</checkout-redirect>



Mon, 20 Aug 2012 20:12:47 -0600
<?xml version="1.0" encoding="UTF-8"?>
<checkout-shopping-cart xmlns="http://checkout.google.com/schema/2"><shopping-cart><items><item><item-name>Full Service</item-name><item-description>Full Service order for http://mellxamxdkkn.com/ http://mellxamxdkkn.com/ #1</item-description><quantity>1</quantity><unit-price currency="USD">2050</unit-price><digital-content><display-disposition>OPTIMISTIC</display-disposition><description>Thank you for your order. We will contact your shortly via the phone or e-mail you provided. Your card will not be charged until we confirm your order!</description></digital-content></item></items></shopping-cart><checkout-flow-support><merchant-checkout-flow-support/></checkout-flow-support></checkout-shopping-cart>


Mon, 20 Aug 2012 20:12:47 -0600
<?xml version="1.0" encoding="UTF-8"?>
<checkout-redirect xmlns="http://checkout.google.com/schema/2" serial-number="d63cd5df-62e4-48e9-b8fc-378bb6eb4701">
  <redirect-url>https://checkout.google.com/view/buy?o=shoppingcart&amp;shoppingcart=565428926937757</redirect-url>
</checkout-redirect>



Mon, 27 Aug 2012 11:01:37 -0600
<?xml version="1.0" encoding="UTF-8"?>
<checkout-shopping-cart xmlns="http://checkout.google.com/schema/2"><shopping-cart><items><item><item-name>Full Service</item-name><item-description>Full Service order for Test Guy #1004</item-description><quantity>1</quantity><unit-price currency="USD">2050</unit-price><digital-content><display-disposition>OPTIMISTIC</display-disposition><description>Thank you for your order. We will contact your shortly via the phone or e-mail you provided. Your card will not be charged until we confirm your order!</description></digital-content></item></items></shopping-cart><checkout-flow-support><merchant-checkout-flow-support/></checkout-flow-support></checkout-shopping-cart>


Mon, 27 Aug 2012 11:01:38 -0600
<?xml version="1.0" encoding="UTF-8"?>
<checkout-redirect xmlns="http://checkout.google.com/schema/2" serial-number="7c55e335-60c1-4d75-8f61-503bc2144024">
  <redirect-url>https://checkout.google.com/view/buy?o=shoppingcart&amp;shoppingcart=548298958875119</redirect-url>
</checkout-redirect>



Mon, 27 Aug 2012 11:02:40 -0600
<?xml version="1.0" encoding="UTF-8"?>
<checkout-shopping-cart xmlns="http://checkout.google.com/schema/2"><shopping-cart><items><item><item-name>Full Service</item-name><item-description>Full Service order for full #1004</item-description><quantity>1</quantity><unit-price currency="USD">2050</unit-price><digital-content><display-disposition>OPTIMISTIC</display-disposition><description>Thank you for your order. We will contact your shortly via the phone or e-mail you provided. Your card will not be charged until we confirm your order!</description></digital-content></item></items></shopping-cart><checkout-flow-support><merchant-checkout-flow-support/></checkout-flow-support></checkout-shopping-cart>


Mon, 27 Aug 2012 11:02:41 -0600
<?xml version="1.0" encoding="UTF-8"?>
<checkout-redirect xmlns="http://checkout.google.com/schema/2" serial-number="c686b74b-7fa3-48b7-9b48-7fe8d75b9f20">
  <redirect-url>https://checkout.google.com/view/buy?o=shoppingcart&amp;shoppingcart=435337901622503</redirect-url>
</checkout-redirect>



Mon, 27 Aug 2012 11:04:02 -0600
<?xml version="1.0" encoding="UTF-8"?>
<checkout-shopping-cart xmlns="http://checkout.google.com/schema/2"><shopping-cart><items><item><item-name>Full Service</item-name><item-description>Full Service order for http://mellxamxdkkn.com/  #1005</item-description><quantity>1</quantity><unit-price currency="USD">2050</unit-price><digital-content><display-disposition>OPTIMISTIC</display-disposition><description>Thank you for your order. We will contact your shortly via the phone or e-mail you provided. Your card will not be charged until we confirm your order!</description></digital-content></item></items></shopping-cart><checkout-flow-support><merchant-checkout-flow-support/></checkout-flow-support></checkout-shopping-cart>


Mon, 27 Aug 2012 11:04:23 -0600
<?xml version="1.0" encoding="UTF-8"?>
<checkout-redirect xmlns="http://checkout.google.com/schema/2" serial-number="fabf5b48-dea3-40a0-afec-b418bdab5aa8">
  <redirect-url>https://checkout.google.com/view/buy?o=shoppingcart&amp;shoppingcart=923688834842410</redirect-url>
</checkout-redirect>



Mon, 27 Aug 2012 11:11:51 -0600
<?xml version="1.0" encoding="UTF-8"?>
<checkout-shopping-cart xmlns="http://checkout.google.com/schema/2"><shopping-cart><items><item><item-name>Full Service</item-name><item-description>Full Service order for http://mellxamxdkkn.com/  #1004</item-description><quantity>1</quantity><unit-price currency="USD">2050</unit-price><digital-content><display-disposition>OPTIMISTIC</display-disposition><description>Thank you for your order. We will contact your shortly via the phone or e-mail you provided. Your card will not be charged until we confirm your order!</description></digital-content></item></items></shopping-cart><checkout-flow-support><merchant-checkout-flow-support/></checkout-flow-support></checkout-shopping-cart>


Mon, 27 Aug 2012 11:11:56 -0600
<?xml version="1.0" encoding="UTF-8"?>
<checkout-redirect xmlns="http://checkout.google.com/schema/2" serial-number="0411bffb-4e3c-4982-929a-bc5e7372d226">
  <redirect-url>https://checkout.google.com/view/buy?o=shoppingcart&amp;shoppingcart=469568916725919</redirect-url>
</checkout-redirect>



Mon, 27 Aug 2012 11:15:24 -0600
<?xml version="1.0" encoding="UTF-8"?>
<checkout-shopping-cart xmlns="http://checkout.google.com/schema/2"><shopping-cart><items><item><item-name/><item-description/><quantity>1</quantity><unit-price currency="USD"/><digital-content><display-disposition>OPTIMISTIC</display-disposition><description>Thank you for your order. We will contact your shortly via the phone or e-mail you provided. Your card will not be charged until we confirm your order!</description></digital-content></item></items></shopping-cart><checkout-flow-support><merchant-checkout-flow-support/></checkout-flow-support></checkout-shopping-cart>


Mon, 27 Aug 2012 11:15:25 -0600
<?xml version="1.0" encoding="UTF-8"?>
<error xmlns="http://checkout.google.com/schema/2" serial-number="9fbdbf9e-1689-4829-a33c-d8ab9ffd7eaf">
  <warning-messages>
    <string>XML failed to validate against the schema at line: 2, column 2, with error: cvc-datatype-valid.1.2.1: '' is not a valid value for 'decimal'.</string>
    <string>XML failed to validate against the schema at line: 2, column 2, with error: cvc-complex-type.2.2: Element 'unit-price' must have no element [children], and the value must be valid.</string>
  </warning-messages>
  <error-message>Error parsing XML; message from parser is: Invalid value for body of unit-price in checkout-shopping-cart/shopping-cart/items/item: Required field must not be blank</error-message>
</error>



Mon, 24 Sep 2012 21:17:16 -0600
<?xml version="1.0" encoding="UTF-8"?>
<checkout-shopping-cart xmlns="http://checkout.google.com/schema/2"><shopping-cart><items><item><item-name>Full Service</item-name><item-description>Full Service order for Test Me #1006</item-description><quantity>1</quantity><unit-price currency="USD">2000</unit-price><digital-content><display-disposition>OPTIMISTIC</display-disposition><description>Thank you for your order. We will contact your shortly via the phone or e-mail you provided. Your card will not be charged until we confirm your order!</description></digital-content></item></items></shopping-cart><checkout-flow-support><merchant-checkout-flow-support/></checkout-flow-support></checkout-shopping-cart>


Mon, 24 Sep 2012 21:17:17 -0600
<?xml version="1.0" encoding="UTF-8"?>
<checkout-redirect xmlns="http://checkout.google.com/schema/2" serial-number="7f0d8aed-833f-446a-af3f-d5d610e587f8">
  <redirect-url>https://checkout.google.com/view/buy?o=shoppingcart&amp;shoppingcart=732222776323893</redirect-url>
</checkout-redirect>



Wed, 26 Sep 2012 10:13:20 -0600
<?xml version="1.0" encoding="UTF-8"?>
<checkout-shopping-cart xmlns="http://checkout.google.com/schema/2"><shopping-cart><items><item><item-name>Full Service</item-name><item-description>Full Service order for Test Me #1004</item-description><quantity>1</quantity><unit-price currency="USD">2000</unit-price><digital-content><display-disposition>OPTIMISTIC</display-disposition><description>Thank you for your order. We will contact your shortly via the phone or e-mail you provided. Your card will not be charged until we confirm your order!</description></digital-content></item></items></shopping-cart><checkout-flow-support><merchant-checkout-flow-support/></checkout-flow-support></checkout-shopping-cart>


Wed, 26 Sep 2012 10:13:21 -0600
<?xml version="1.0" encoding="UTF-8"?>
<checkout-redirect xmlns="http://checkout.google.com/schema/2" serial-number="bbac1d85-8480-44af-afac-441d3f95227f">
  <redirect-url>https://checkout.google.com/view/buy?o=shoppingcart&amp;shoppingcart=713810251822271</redirect-url>
</checkout-redirect>



Mon, 01 Oct 2012 11:09:38 -0600
<?xml version="1.0" encoding="UTF-8"?>
<checkout-shopping-cart xmlns="http://checkout.google.com/schema/2"><shopping-cart><items><item><item-name>Starter Package</item-name><item-description>Starter Package order for Test Me #1004</item-description><quantity>1</quantity><unit-price currency="USD">800</unit-price><digital-content><display-disposition>OPTIMISTIC</display-disposition><description>Thank you for your order. We will contact your shortly via the phone or e-mail you provided. Your card will not be charged until we confirm your order!</description></digital-content></item></items></shopping-cart><checkout-flow-support><merchant-checkout-flow-support/></checkout-flow-support></checkout-shopping-cart>


Mon, 01 Oct 2012 11:09:39 -0600
<?xml version="1.0" encoding="UTF-8"?>
<checkout-redirect xmlns="http://checkout.google.com/schema/2" serial-number="7630870d-e148-42cc-bffd-37740a591746">
  <redirect-url>https://checkout.google.com/view/buy?o=shoppingcart&amp;shoppingcart=159386398128084</redirect-url>
</checkout-redirect>

