[2014-10-11 20:11:03] Session started for user allana at 127.0.0.1.
[2014-10-11 20:15:00] Session ended for user allana.
[2014-10-11 23:43:40] Authentication failed for user allana.
[2014-10-11 23:43:49] Session started for user allana at 192.168.127.1.
[2014-10-12 00:08:08] Session ended for user allana.
[2014-10-13 19:13:34] Session started for user allana at 127.0.0.1.
[2014-10-13 19:49:56] Session started for user allana at 127.0.0.1.
[2014-10-13 20:51:09] Session ended for user allana.
[2014-10-13 20:56:59] Session started for user allana at 127.0.0.1.
[2014-10-14 10:52:14] Session started for user allana at 192.168.127.1.
[2014-10-14 11:29:02] Session ended for user allana.
[2014-10-14 11:44:46] Session started for user allana at 192.168.127.1.
[2014-10-14 12:11:37] Session ended for user allana.
[2014-10-15 13:26:52] Session started for user allana at 192.168.127.1.
[2014-10-18 17:02:11] Session started for user kuro at 127.0.0.1.
[2014-10-18 17:17:09] Session ended for user kuro.
[2015-04-09 16:35:25] Session started for user jjon_saxton at 10.240.25.150.
[2015-04-09 16:38:36] Session ended for user jjon_saxton.
[2015-04-11 02:35:08] Authentication failed for user jjon_saxton.
[2015-04-11 02:35:25] Authentication failed for user jjon_saxton.
[2015-04-11 02:35:43] Authentication failed for user kuro.
[2015-04-11 02:36:08] Authentication failed for user jjon_saxton.
[2015-04-11 02:36:14] Authentication failed for user jjon_saxton.
[2015-04-11 02:37:12] Authentication failed for user jjon_saxton.
[2015-04-11 02:39:18] Authentication failed for user jjon_saxton.
[2015-04-11 02:45:13] Session started for user jjon_saxton at 10.240.213.116.
[2015-04-11 16:42:18] Session started for user jjon_saxton at 10.240.238.31.
[2015-04-12 17:17:53] Session started for user jjon_saxton at 10.240.25.150.
[2015-04-12 17:30:13] Session ended for user jjon_saxton.
[2015-04-13 16:17:41] Session started for user jjon_saxton at 10.240.25.150.
[2015-04-13 17:23:31] Session ended for user jjon_saxton.
[2015-04-14 15:13:59] Session started for user jjon_saxton at 10.240.213.116.
