[2014-10-08 20:58:32] PHP Error (2; file_get_contents(/assets/addins/passreset//manifest.xml): failed to open stream: No such file or directory) in 501 of /home/allana/public_html/momoko/core/common.inc.php!
[2014-10-08 21:04:08] PHP Error (2; file_get_contents(/assets/addins/passreset//manifest.xml): failed to open stream: No such file or directory) in 501 of /home/allana/public_html/momoko/core/common.inc.php!
[2014-10-08 21:04:59] PHP Error (2; file_get_contents(/home/allana/public_html/momoko/assets/addins/passreset//manifest.xml): failed to open stream: No such file or directory) in 501 of /home/allana/public_html/momoko/core/common.inc.php!
[2014-10-08 21:05:26] PHP Error (2; file_get_contents(/home/allana/public_html/momoko/assets/addins/passreset//manifest.xml/manifest.xml): failed to open stream: No such file or directory) in 501 of /home/allana/public_html/momoko/core/common.inc.php!
[2014-10-08 21:06:24] PHP Error (2; file_get_contents(/home/allana/public_html/momoko/assets/addins/passreset/manifest.xml): failed to open stream: No such file or directory) in 501 of /home/allana/public_html/momoko/core/common.inc.php!
[2014-10-08 21:09:19] PHP Error (2; array_reverse() expects parameter 1 to be array, null given) in 1518 of /home/allana/public_html/momoko/core/content.inc.php!
[2014-10-08 21:09:19] PHP Error (2; Invalid argument supplied for foreach()) in 1519 of /home/allana/public_html/momoko/core/content.inc.php!
[2014-10-08 21:13:08] PHP Error (2; file_get_contents(/addins/passreset//manifest.xml): failed to open stream: No such file or directory) in 501 of /home/allana/public_html/momoko/core/common.inc.php!
[2014-10-08 21:22:14] PHP Error (2; include(/assets/addins/passreset/load.inc.php): failed to open stream: No such file or directory) in 284 of /home/allana/public_html/momoko/core/deliver.php!
[2014-10-08 21:22:14] PHP Error (2; include(): Failed opening '/assets/addins/passreset/load.inc.php' for inclusion (include_path='.:/usr/share/php:/usr/share/pear')) in 284 of /home/allana/public_html/momoko/core/deliver.php!
[2014-10-08 21:22:34] PHP Error (2; include(/assets/addins/passreset/load.inc.php): failed to open stream: No such file or directory) in 284 of /home/allana/public_html/momoko/core/deliver.php!
[2014-10-08 21:22:34] PHP Error (2; include(): Failed opening '/assets/addins/passreset/load.inc.php' for inclusion (include_path='.:/usr/share/php:/usr/share/pear')) in 284 of /home/allana/public_html/momoko/core/deliver.php!
[2014-10-08 21:24:48] PHP Error (2; include(/home/allana/public_html/momoko/assets/addins/passreset/load.inc.php): failed to open stream: No such file or directory) in 284 of /home/allana/public_html/momoko/core/deliver.php!
[2014-10-08 21:24:48] PHP Error (2; include(): Failed opening '/home/allana/public_html/momoko/assets/addins/passreset/load.inc.php' for inclusion (include_path='.:/usr/share/php:/usr/share/pear')) in 284 of /home/allana/public_html/momoko/core/deliver.php!
[2014-10-08 21:25:19] PHP Error (2; include(/home/allana/public_html/momoko/assets/addins/passreset/load.inc.php): failed to open stream: No such file or directory) in 284 of /home/allana/public_html/momoko/core/deliver.php!
[2014-10-08 21:25:19] PHP Error (2; include(): Failed opening '/home/allana/public_html/momoko/assets/addins/passreset/load.inc.php' for inclusion (include_path='.:/usr/share/php:/usr/share/pear')) in 284 of /home/allana/public_html/momoko/core/deliver.php!
[2014-10-08 21:26:17] PHP Error (2; include(/home/allana/public_html/momoko/assets/addins/passreset/load.inc.php): failed to open stream: No such file or directory) in 284 of /home/allana/public_html/momoko/core/deliver.php!
[2014-10-08 21:26:17] PHP Error (2; include(): Failed opening '/home/allana/public_html/momoko/assets/addins/passreset/load.inc.php' for inclusion (include_path='.:/usr/share/php:/usr/share/pear')) in 284 of /home/allana/public_html/momoko/core/deliver.php!
[2014-10-08 21:26:19] PHP Error (2; include(/home/allana/public_html/momoko/assets/addins/passreset/load.inc.php): failed to open stream: No such file or directory) in 284 of /home/allana/public_html/momoko/core/deliver.php!
[2014-10-08 21:26:19] PHP Error (2; include(): Failed opening '/home/allana/public_html/momoko/assets/addins/passreset/load.inc.php' for inclusion (include_path='.:/usr/share/php:/usr/share/pear')) in 284 of /home/allana/public_html/momoko/core/deliver.php!
[2014-10-08 21:29:08] PHP Error (2; require(/home/allana/public_html/momoko/assets/core/phpmailer/class.phpmailer.php): failed to open stream: No such file or directory) in 31 of /home/allana/public_html/momoko/addins/passreset/load.inc.php!
[2014-10-08 21:29:37] PHP Error (2; require(/home/allana/public_html/momoko/assets/addins/passreset/main.inc.php): failed to open stream: No such file or directory) in 32 of /home/allana/public_html/momoko/addins/passreset/load.inc.php!
[2014-10-08 21:35:44] PHP Error (2; file_get_contents(/home/allana/public_html/momoko/addins/passreset/?sids=111//manifest.xml): failed to open stream: No such file or directory) in 501 of /home/allana/public_html/momoko/core/common.inc.php!
[2014-10-08 21:36:08] PHP Error (2; file_get_contents(/home/allana/public_html/momoko/addins/passreset/?sids=111//manifest.xml): failed to open stream: No such file or directory) in 501 of /home/allana/public_html/momoko/core/common.inc.php!
[2014-10-13 19:14:55] PHP Error (2; require(/assets/addins/settings//form.inc.php): failed to open stream: No such file or directory) in 22 of /home/allana/public_html/momoko/addins/settings/load.inc.php!
[2014-10-13 19:15:15] PHP Error (2; require(/assets/addins/usermanager//main.inc.php): failed to open stream: No such file or directory) in 7 of /home/allana/public_html/momoko/addins/usermanager/load.inc.php!
[2014-10-13 19:16:46] PHP Error (2; require(/assets/addins/usermanager//main.inc.php): failed to open stream: No such file or directory) in 7 of /home/allana/public_html/momoko/addins/usermanager/load.inc.php!
